<?xml version="1.0" encoding="UTF-8"?>
<testng-results skipped="0" failed="0" total="1" passed="1">
  <reporter-output>
  </reporter-output>
  <suite name="PortalValidation" duration-ms="13095" started-at="2017-12-19T10:40:08Z" finished-at="2017-12-19T10:40:21Z">
    <groups>
    </groups>
    <test name="SmokeScenario" duration-ms="13095" started-at="2017-12-19T10:40:08Z" finished-at="2017-12-19T10:40:21Z">
      <class name="testCases.VerifyLoginPageWithReport">
        <test-method status="PASS" signature="Setup()[pri:0, instance:testCases.VerifyLoginPageWithReport@176dd71]" name="Setup" is-config="true" duration-ms="11042" started-at="2017-12-19T16:10:08Z" finished-at="2017-12-19T16:10:19Z">
          <reporter-output>
          </reporter-output>
        </test-method> <!-- Setup -->
        <test-method status="PASS" signature="testHomePage()[pri:0, instance:testCases.VerifyLoginPageWithReport@176dd71]" name="testHomePage" duration-ms="973" started-at="2017-12-19T16:10:19Z" finished-at="2017-12-19T16:10:20Z">
          <reporter-output>
          </reporter-output>
        </test-method> <!-- testHomePage -->
        <test-method status="PASS" signature="tearDown()[pri:0, instance:testCases.VerifyLoginPageWithReport@176dd71]" name="tearDown" is-config="true" duration-ms="1042" started-at="2017-12-19T16:10:20Z" finished-at="2017-12-19T16:10:21Z">
          <reporter-output>
          </reporter-output>
        </test-method> <!-- tearDown -->
      </class> <!-- testCases.VerifyLoginPageWithReport -->
    </test> <!-- SmokeScenario -->
  </suite> <!-- PortalValidation -->
</testng-results>
